<?xml version="1.0" encoding="UTF-8"?>
<testsuites>
	<testsuite tests="3" errors="0" failures="0" time="0.006" timestamp="2015-09-09T15:29:48">
		<testcase classname="Chocolate Babka Count" name="basic counter closure accepting a starting number should increment the number" time="0.003">
		</testcase>
		<testcase classname="Chocolate Babka Count" name="basic counter closure accepting a starting number should keep track of the count" time="0">
		</testcase>
		<testcase classname="Chocolate Babka Count" name="Has a seperate bakery counter and babka counter should increment only one counter" time="0">
		</testcase>
	</testsuite>
</testsuites>

